2025-04-27 17:00:48,119 - main - INFO - 知新2.0脚本工具 by W1ndys
2025-04-27 17:00:48,119 - main - INFO - https://github.com/W1ndys
2025-04-27 17:00:48,120 - main - INFO - 知新2.0 https://stu.z-xin.net/
2025-04-27 17:00:48,120 - main - INFO - --------------------------------
2025-04-27 17:00:48,120 - ZXinClient - INFO - 读取账号密码成功
2025-04-27 17:00:48,120 - ZXinClient - INFO - 账号：2022416246
2025-04-27 17:00:48,121 - ZXinClient - INFO - 密码：qfnuWS0814@
2025-04-27 17:00:48,121 - ZXinClient - INFO - --------------------------------
2025-04-27 17:00:48,315 - ZXinClient - ERROR - 响应中缺少预期的键: 'code'，请检查账号密码是否正确
2025-04-27 17:00:48,317 - main - ERROR - 程序退出: 获取token失败
2025-04-27 17:01:08,899 - main - INFO - 知新2.0脚本工具 by W1ndys
2025-04-27 17:01:08,900 - main - INFO - https://github.com/W1ndys
2025-04-27 17:01:08,900 - main - INFO - 知新2.0 https://stu.z-xin.net/
2025-04-27 17:01:08,900 - main - INFO - --------------------------------
2025-04-27 17:01:08,901 - ZXinClient - INFO - 读取账号密码成功
2025-04-27 17:01:08,901 - ZXinClient - INFO - 账号：2022416246
2025-04-27 17:01:08,901 - ZXinClient - INFO - 密码：zxjgws0814+
2025-04-27 17:01:08,901 - ZXinClient - INFO - --------------------------------
2025-04-27 17:01:09,091 - ZXinClient - INFO - 登录成功
2025-04-27 17:01:09,091 - ZXinClient - INFO - 获取token成功
2025-04-27 17:01:09,092 - ZXinClient - INFO - --------------------------------
2025-04-27 17:01:09,092 - main - INFO - 
请选择要执行的操作:
2025-04-27 17:01:09,092 - main - INFO - 1. 获取用户信息
2025-04-27 17:01:09,093 - main - INFO - 2. 获取课程数据
2025-04-27 17:01:09,093 - main - INFO - 3. 获取成绩信息
2025-04-27 17:01:09,093 - main - INFO - 0. 退出程序
2025-04-27 17:01:15,850 - main - INFO - --------------------------------
2025-04-27 17:01:15,962 - ZXinClient - INFO - 用户信息获取成功
2025-04-27 17:01:15,962 - ZXinClient - INFO - username: 2022416246
2025-04-27 17:01:15,963 - ZXinClient - INFO - nickname: 吴硕
2025-04-27 17:01:15,963 - ZXinClient - INFO - email: w2769731875@qq.com
2025-04-27 17:01:15,963 - ZXinClient - INFO - sex: 男
2025-04-27 17:01:15,964 - ZXinClient - INFO - userType: student
2025-04-27 17:01:15,964 - ZXinClient - INFO - college: 网络空间安全学院
2025-04-27 17:01:15,964 - ZXinClient - INFO - address: 曲阜师范大学(新校区)1号宿舍楼西南,(山东省济宁市曲阜市校场路166号)
2025-04-27 17:01:15,964 - ZXinClient - INFO - city: 济宁市
2025-04-27 17:01:15,964 - ZXinClient - INFO - district: 曲阜市
2025-04-27 17:01:15,964 - ZXinClient - INFO - dormitory: 西区4号楼
2025-04-27 17:01:15,964 - ZXinClient - INFO - classroom: 22网安
2025-04-27 17:01:15,965 - ZXinClient - INFO - grade: 2022
2025-04-27 17:01:15,965 - ZXinClient - INFO - --------------------------------
2025-04-27 17:01:15,965 - main - INFO - 
请选择要执行的操作:
2025-04-27 17:01:15,965 - main - INFO - 1. 获取用户信息
2025-04-27 17:01:15,966 - main - INFO - 2. 获取课程数据
2025-04-27 17:01:15,966 - main - INFO - 3. 获取成绩信息
2025-04-27 17:01:15,966 - main - INFO - 0. 退出程序
2025-04-27 17:01:21,656 - main - INFO - --------------------------------
2025-04-27 17:01:21,657 - ScoreManager - INFO - 开始获取成绩数据
2025-04-27 17:01:21,818 - ScoreManager - INFO - 成绩数据获取成功
2025-04-27 17:01:21,820 - ScoreManager - INFO - 保存数据成功，数据已保存到 output\score_data.json 文件中
2025-04-27 17:01:21,820 - ScoreManager - INFO - 即将开始解析成绩数据
2025-04-27 17:01:21,824 - ScoreManager - INFO - 保存文本成功，已保存到 output\score_info.txt 文件中
2025-04-27 17:01:21,824 - ScoreManager - INFO - 成绩数据解析完成
2025-04-27 17:01:21,824 - ScoreManager - INFO - 成绩数据程序运行结束
2025-04-27 17:01:21,824 - ScoreManager - INFO - --------------------------------
2025-04-27 17:01:21,825 - ScoreManager - INFO - Power by W1ndys
2025-04-27 17:01:21,825 - ScoreManager - INFO - https://github.com/W1ndys
2025-04-27 17:01:21,825 - main - INFO - 
请选择要执行的操作:
2025-04-27 17:01:21,825 - main - INFO - 1. 获取用户信息
2025-04-27 17:01:21,825 - main - INFO - 2. 获取课程数据
2025-04-27 17:01:21,826 - main - INFO - 3. 获取成绩信息
2025-04-27 17:01:21,826 - main - INFO - 0. 退出程序
2025-04-27 17:01:47,419 - main - INFO - --------------------------------
2025-04-27 17:01:47,420 - main - INFO - 程序已退出
